<?xml version="1.0" encoding="UTF-8"?>
<!-- Generated by org.testng.reporters.JUnitReportReporter -->
<testsuite skipped="0" hostname="DESKTOP-GJ67TUH" name="Maven.automation_project.Smoke.ShoppingCartTest" tests="9" failures="0" timestamp="29 Oct 2017 09:17:29 GMT" time="53.885" errors="0">
  <testcase name="Verify_User_is_able_to_add_single_item_into_Cart" time="2.409" classname="Maven.automation_project.Smoke.ShoppingCartTest"/>
  <testcase name="Verify_User_is_able_to_add_Same_item_again_into_Cart" time="1.727" classname="Maven.automation_project.Smoke.ShoppingCartTest"/>
  <testcase name="Verify_User_is_able_to_add_Multiple_Different_items_into_Cart" time="1.883" classname="Maven.automation_project.Smoke.ShoppingCartTest"/>
  <testcase name="Verify_User_is_able_to_Remove_Single_item_from__Cart" time="2.167" classname="Maven.automation_project.Smoke.ShoppingCartTest"/>
  <testcase name="Verify_User_is_able_to_Remove_all_items_from__Cart" time="4.071" classname="Maven.automation_project.Smoke.ShoppingCartTest"/>
  <testcase name="Verify_User_is_able_to_click_image_of_item_in__Cart" time="6.864" classname="Maven.automation_project.Smoke.ShoppingCartTest"/>
  <testcase name="Verify_User_is_able_to_click_name_of_item_in_Cart" time="7.791" classname="Maven.automation_project.Smoke.ShoppingCartTest"/>
  <testcase name="Verify_Cart_Data_is_Reatined_on_Opening_the_closed_Session" time="23.453" classname="Maven.automation_project.Smoke.ShoppingCartTest"/>
  <testcase name="Verify_User_is_able_to_add_discounted_item_into_Cart" time="3.520" classname="Maven.automation_project.Smoke.ShoppingCartTest"/>
</testsuite> <!-- Maven.automation_project.Smoke.ShoppingCartTest -->
