<?xml version="1.0" encoding="UTF-8"?>
<!-- Generated by org.testng.reporters.JUnitReportReporter -->
<testsuite skipped="0" hostname="DESKTOP-GJ67TUH" name="Maven.automation_project.Smoke.CompleteOrderTest" tests="1" failures="0" timestamp="20 Oct 2017 06:07:05 GMT" time="24.773" errors="0">
  <testcase name="Verify_User_is_able_to_do_Order" time="24.773" classname="Maven.automation_project.Smoke.CompleteOrderTest"/>
</testsuite> <!-- Maven.automation_project.Smoke.CompleteOrderTest -->
