<?xml version="1.0" encoding="UTF-8"?>
<!-- Generated by org.testng.reporters.JUnitReportReporter -->
<testsuite skipped="0" hostname="DESKTOP-GJ67TUH" name="Maven.automation_project.Smoke.EnquiryOrderTest" tests="1" failures="0" timestamp="21 Oct 2017 18:23:04 GMT" time="9.579" errors="0">
  <testcase name="Verify_User_is_able_to_Make_an_Enquiry" time="9.579" classname="Maven.automation_project.Smoke.EnquiryOrderTest"/>
</testsuite> <!-- Maven.automation_project.Smoke.EnquiryOrderTest -->
