<?xml version="1.0" encoding="UTF-8"?>
<!-- Generated by org.testng.reporters.JUnitReportReporter -->
<testsuite skipped="0" hostname="DESKTOP-GJ67TUH" name="Maven.automation_project.Smoke.ValidatePricesTest" tests="1" failures="0" timestamp="21 Oct 2017 18:12:44 GMT" time="1.323" errors="0">
  <testcase name="Verify_all_Prices_of_Homepage_Products_are_Correct" time="1.323" classname="Maven.automation_project.Smoke.ValidatePricesTest"/>
</testsuite> <!-- Maven.automation_project.Smoke.ValidatePricesTest -->
