<?xml version="1.0" encoding="UTF-8"?>
<!-- Generated by org.testng.reporters.JUnitReportReporter -->
<testsuite skipped="0" hostname="DESKTOP-GJ67TUH" name="Maven.automation_project.Smoke.RegistrationTest" tests="2" failures="0" timestamp="30 Oct 2017 17:45:15 GMT" time="15.079" errors="0">
  <testcase name="Verify_User_is_able_Register_as_New_User" time="12.067" classname="Maven.automation_project.Smoke.RegistrationTest"/>
  <testcase name="Verify_User_is_not_able_to_Register_with_Already_Regitered_Email" time="3.012" classname="Maven.automation_project.Smoke.RegistrationTest"/>
</testsuite> <!-- Maven.automation_project.Smoke.RegistrationTest -->
